This is pdfTeX, Version 3.1415926-2.3-1.40.12 (MiKTeX 2.9) (preloaded format=pdflatex 2011.11.28)  4 DEC 2012 22:23
entering extended mode
**C:/Sites/MastersThesis/MatersThesis.tex
(C:/Sites/MastersThesis/MatersThesis.tex
LaTeX2e <2011/06/27>
Babel <v3.8m> and hyphenation patterns for english, afrikaans, ancientgreek, ar
abic, armenian, assamese, basque, bengali, bokmal, bulgarian, catalan, coptic, 
croatian, czech, danish, dutch, esperanto, estonian, farsi, finnish, french, ga
lician, german, german-x-2009-06-19, greek, gujarati, hindi, hungarian, iceland
ic, indonesian, interlingua, irish, italian, kannada, kurmanji, lao, latin, lat
vian, lithuanian, malayalam, marathi, mongolian, mongolianlmc, monogreek, ngerm
an, ngerman-x-2009-06-19, nynorsk, oriya, panjabi, pinyin, polish, portuguese, 
romanian, russian, sanskrit, serbian, slovak, slovenian, spanish, swedish, swis
sgerman, tamil, telugu, turkish, turkmen, ukenglish, ukrainian, uppersorbian, u
senglishmax, welsh, loaded.
("C:\Program Files (x86)\MiKTeX 2.9\tex\latex\base\report.cls"
Document Class: report 2007/10/19 v1.4h Standard LaTeX document class
("C:\Program Files (x86)\MiKTeX 2.9\tex\latex\base\size10.clo"
File: size10.clo 2007/10/19 v1.4h Standard LaTeX file (size option)
)
\c@part=\count79
\c@chapter=\count80
\c@section=\count81
\c@subsection=\count82
\c@subsubsection=\count83
\c@paragraph=\count84
\c@subparagraph=\count85
\c@figure=\count86
\c@table=\count87
\abovecaptionskip=\skip41
\belowcaptionskip=\skip42
\bibindent=\dimen102
)
("C:\Program Files (x86)\MiKTeX 2.9\tex\latex\ltxmisc\url.sty"
\Urlmuskip=\muskip10
Package: url 2006/04/12  ver 3.3  Verb mode for urls, etc.
)
("C:\Program Files (x86)\MiKTeX 2.9\tex\latex\graphics\graphicx.sty"
Package: graphicx 1999/02/16 v1.0f Enhanced LaTeX Graphics (DPC,SPQR)

("C:\Program Files (x86)\MiKTeX 2.9\tex\latex\graphics\keyval.sty"
Package: keyval 1999/03/16 v1.13 key=value parser (DPC)
\KV@toks@=\toks14
)
("C:\Program Files (x86)\MiKTeX 2.9\tex\latex\graphics\graphics.sty"
Package: graphics 2009/02/05 v1.0o Standard LaTeX Graphics (DPC,SPQR)

("C:\Program Files (x86)\MiKTeX 2.9\tex\latex\graphics\trig.sty"
Package: trig 1999/03/16 v1.09 sin cos tan (DPC)
)
("C:\Program Files (x86)\MiKTeX 2.9\tex\latex\00miktex\graphics.cfg"
File: graphics.cfg 2007/01/18 v1.5 graphics configuration of teTeX/TeXLive
)
Package graphics Info: Driver file: pdftex.def on input line 91.

("C:\Program Files (x86)\MiKTeX 2.9\tex\latex\pdftex-def\pdftex.def"
File: pdftex.def 2011/05/27 v0.06d Graphics/color for pdfTeX

("C:\Program Files (x86)\MiKTeX 2.9\tex\generic\oberdiek\infwarerr.sty"
Package: infwarerr 2010/04/08 v1.3 Providing info/warning/message (HO)
)
("C:\Program Files (x86)\MiKTeX 2.9\tex\generic\oberdiek\ltxcmds.sty"
Package: ltxcmds 2011/04/18 v1.20 LaTeX kernel commands for general use (HO)
)
\Gread@gobject=\count88
))
\Gin@req@height=\dimen103
\Gin@req@width=\dimen104
)
(C:\Sites\MastersThesis\MatersThesis.aux
(C:\Sites\MastersThesis\introduction.aux)
(C:\Sites\MastersThesis\relatedwork.aux)
(C:\Sites\MastersThesis\methodology.aux) (C:\Sites\MastersThesis\evaluation.aux
) (C:\Sites\MastersThesis\conclusion.aux))
LaTeX Font Info:    Checking defaults for OML/cmm/m/it on input line 5.
LaTeX Font Info:    ... okay on input line 5.
LaTeX Font Info:    Checking defaults for T1/cmr/m/n on input line 5.
LaTeX Font Info:    ... okay on input line 5.
LaTeX Font Info:    Checking defaults for OT1/cmr/m/n on input line 5.
LaTeX Font Info:    ... okay on input line 5.
LaTeX Font Info:    Checking defaults for OMS/cmsy/m/n on input line 5.
LaTeX Font Info:    ... okay on input line 5.
LaTeX Font Info:    Checking defaults for OMX/cmex/m/n on input line 5.
LaTeX Font Info:    ... okay on input line 5.
LaTeX Font Info:    Checking defaults for U/cmr/m/n on input line 5.
LaTeX Font Info:    ... okay on input line 5.

("C:\Program Files (x86)\MiKTeX 2.9\tex\context\base\supp-pdf.mkii"
[Loading MPS to PDF converter (version 2006.09.02).]
\scratchcounter=\count89
\scratchdimen=\dimen105
\scratchbox=\box26
\nofMPsegments=\count90
\nofMParguments=\count91
\everyMPshowfont=\toks15
\MPscratchCnt=\count92
\MPscratchDim=\dimen106
\MPnumerator=\count93
\makeMPintoPDFobject=\count94
\everyMPtoPDFconversion=\toks16
)
LaTeX Font Info:    External font `cmex10' loaded for size
(Font)              <12> on input line 12.
LaTeX Font Info:    External font `cmex10' loaded for size
(Font)              <8> on input line 12.
LaTeX Font Info:    External font `cmex10' loaded for size
(Font)              <6> on input line 12.
 [1

{C:/ProgramData/MiKTeX/2.9/pdftex/config/pdftex.map}]
(C:\Sites\MastersThesis\MatersThesis.toc
LaTeX Font Info:    External font `cmex10' loaded for size
(Font)              <7> on input line 2.
LaTeX Font Info:    External font `cmex10' loaded for size
(Font)              <5> on input line 2.
 [1

])
\tf@toc=\write3
 [2]
(C:\Sites\MastersThesis\MatersThesis.lof)
\tf@lof=\write4
 [3

]
(C:\Sites\MastersThesis\MatersThesis.lot)
\tf@lot=\write5
 [4

] [5

] [6

] [1]
(C:\Sites\MastersThesis\introduction.tex
Chapter 1.
LaTeX Font Info:    Try loading font information for OMS+cmr on input line 12.
("C:\Program Files (x86)\MiKTeX 2.9\tex\latex\base\omscmr.fd"
File: omscmr.fd 1999/05/25 v2.5h Standard LaTeX font definitions
)
LaTeX Font Info:    Font shape `OMS/cmr/m/n' in size <10> not available
(Font)              Font shape `OMS/cmsy/m/n' tried instead on input line 12.
 [1


]) [2]
(C:\Sites\MastersThesis\relatedwork.tex
Chapter 2.

LaTeX Warning: Citation `LopezMU06' on page 3 undefined on input line 22.

[3



]

LaTeX Warning: Citation `Adr92a' on page 4 undefined on input line 48.


LaTeX Warning: Citation `Adr92a' on page 4 undefined on input line 50.


LaTeX Warning: Citation `Adr92a' on page 4 undefined on input line 53.


LaTeX Warning: Citation `Fuc96a' on page 4 undefined on input line 57.


LaTeX Warning: Citation `Fuchs06' on page 4 undefined on input line 62.


LaTeX Warning: Citation `Hoefler04' on page 4 undefined on input line 64.


LaTeX Warning: Citation `Kaljurand06' on page 4 undefined on input line 67.


LaTeX Warning: Citation `Kuhn06' on page 4 undefined on input line 67.


LaTeX Warning: Citation `dimitrova08' on page 4 undefined on input line 72.


LaTeX Warning: Citation `Bao09' on page 4 undefined on input line 78.

[4]

LaTeX Warning: Citation `Power98' on page 5 undefined on input line 81.


LaTeX Warning: Citation `Bernstein06' on page 5 undefined on input line 102.


LaTeX Warning: Citation `Namgoong07' on page 5 undefined on input line 104.

[5]
Underfull \hbox (badness 1859) in paragraph at lines 153--153
[][]\OT1/cmr/m/n/8 More in-for-ma-tion about Se-man-tic Me-di-aWiki can be foun
d at http://semantic-
 []

[6]) [7] (C:\Sites\MastersThesis\methodology.tex
Chapter 3.

LaTeX Warning: Reference `figure-pdo' on page 8 undefined on input line 14.

[8



]

LaTeX Warning: Citation `Sleator91' on page 9 undefined on input line 27.


LaTeX Warning: Citation `Sleator91' on page 9 undefined on input line 29.

LaTeX Font Info:    Font shape `OMS/cmr/m/it' in size <10> not available
(Font)              Font shape `OMS/cmsy/m/n' tried instead on input line 35.
(C:\Sites\MastersThesis\link-grammar-example.tex

LaTeX Warning: `h' float specifier changed to `ht'.

) [9]
Overfull \hbox (18.16734pt too wide) in paragraph at lines 53--54
\OT1/cmr/m/n/10 types of the gram-mar CLANN1 and CLANN2 were de-vel-oped[ref fo
r CNL09]focusing
 []

[10]
Underfull \hbox (badness 10000) in paragraph at lines 83--84
\OT1/cmtt/m/n/10 Action Item:<String>:<String>(:<String>)?
 []


Underfull \hbox (badness 10000) in paragraph at lines 83--84

 []

[11]) [12] (C:\Sites\MastersThesis\evaluation.tex
Chapter 4.
) [13



] (C:\Sites\MastersThesis\conclusion.tex
Chapter 5.
) [14



] (C:\Sites\MastersThesis\MatersThesis.bbl) [15


]
(C:\Sites\MastersThesis\MatersThesis.aux
(C:\Sites\MastersThesis\introduction.aux)
(C:\Sites\MastersThesis\relatedwork.aux)
(C:\Sites\MastersThesis\methodology.aux) (C:\Sites\MastersThesis\evaluation.aux
) (C:\Sites\MastersThesis\conclusion.aux))

LaTeX Warning: There were undefined references.

 ) 
Here is how much of TeX's memory you used:
 1325 strings out of 494045
 18334 string characters out of 3145965
 73394 words of memory out of 3000000
 4599 multiletter control sequences out of 15000+200000
 10141 words of font info for 36 fonts, out of 3000000 for 9000
 715 hyphenation exceptions out of 8191
 27i,8n,22p,1727b,309s stack positions out of 5000i,500n,10000p,200000b,50000s
<C:/Program Files (x86)/MiKTeX 2.9/fonts/type1/public/amsfonts/cm/cmbx10.pfb>
<C:/Program Files (x86)/MiKTeX 2.9/fonts/type1/public/amsfonts/cm/cmbx12.pfb><C
:/Program Files (x86)/MiKTeX 2.9/fonts/type1/public/amsfonts/cm/cmmi7.pfb><C:/P
rogram Files (x86)/MiKTeX 2.9/fonts/type1/public/amsfonts/cm/cmr10.pfb><C:/Prog
ram Files (x86)/MiKTeX 2.9/fonts/type1/public/amsfonts/cm/cmr12.pfb><C:/Program
 Files (x86)/MiKTeX 2.9/fonts/type1/public/amsfonts/cm/cmr17.pfb><C:/Program Fi
les (x86)/MiKTeX 2.9/fonts/type1/public/amsfonts/cm/cmr6.pfb><C:/Program Files 
(x86)/MiKTeX 2.9/fonts/type1/public/amsfonts/cm/cmr7.pfb><C:/Program Files (x86
)/MiKTeX 2.9/fonts/type1/public/amsfonts/cm/cmr8.pfb><C:/Program Files (x86)/Mi
KTeX 2.9/fonts/type1/public/amsfonts/cm/cmsy10.pfb><C:/Program Files (x86)/MiKT
eX 2.9/fonts/type1/public/amsfonts/cm/cmti10.pfb><C:/Program Files (x86)/MiKTeX
 2.9/fonts/type1/public/amsfonts/cm/cmti8.pfb><C:/Program Files (x86)/MiKTeX 2.
9/fonts/type1/public/amsfonts/cm/cmtt10.pfb><C:/Program Files (x86)/MiKTeX 2.9/
fonts/type1/public/amsfonts/cm/cmtt8.pfb>
Output written on MatersThesis.pdf (23 pages, 229899 bytes).
PDF statistics:
 132 PDF objects out of 1000 (max. 8388607)
 0 named destinations out of 1000 (max. 500000)
 1 words of extra memory for PDF output out of 10000 (max. 10000000)

